[2017-12-26 13:37:45.429] [exthost1] [info] extension host started
[2017-12-26 13:37:45.445] [exthost1] [info] ExtensionService#_doActivateExtension vscode.emmet {"startup":true,"activationEvent":"*"}
[2017-12-26 13:37:45.445] [exthost1] [info] ExtensionService#loadCommonJSModule /usr/share/code/resources/app/extensions/emmet/out/extension
[2017-12-26 13:37:45.842] [exthost1] [info] ExtensionService#_doActivateExtension vscode.git {"startup":true,"activationEvent":"*"}
[2017-12-26 13:37:45.842] [exthost1] [info] ExtensionService#loadCommonJSModule /usr/share/code/resources/app/extensions/git/out/main
[2017-12-26 13:37:45.978] [exthost1] [info] ExtensionService#_doActivateExtension vscode.merge-conflict {"startup":true,"activationEvent":"*"}
[2017-12-26 13:37:45.978] [exthost1] [info] ExtensionService#loadCommonJSModule /usr/share/code/resources/app/extensions/merge-conflict/out/extension
[2017-12-26 13:37:45.995] [exthost1] [info] eager extensions activated
[2017-12-26 14:45:40.197] [exthost1] [info] extension host started
[2017-12-26 14:45:40.218] [exthost1] [info] ExtensionService#_doActivateExtension vscode.emmet {"startup":true,"activationEvent":"*"}
[2017-12-26 14:45:40.218] [exthost1] [info] ExtensionService#loadCommonJSModule /usr/share/code/resources/app/extensions/emmet/out/extension
[2017-12-26 14:45:42.135] [exthost1] [info] ExtensionService#_doActivateExtension vscode.git {"startup":true,"activationEvent":"*"}
[2017-12-26 14:45:42.135] [exthost1] [info] ExtensionService#loadCommonJSModule /usr/share/code/resources/app/extensions/git/out/main
[2017-12-26 14:45:42.402] [exthost1] [info] ExtensionService#_doActivateExtension vscode.merge-conflict {"startup":true,"activationEvent":"*"}
[2017-12-26 14:45:42.402] [exthost1] [info] ExtensionService#loadCommonJSModule /usr/share/code/resources/app/extensions/merge-conflict/out/extension
[2017-12-26 14:45:42.617] [exthost1] [info] eager extensions activated
[2017-12-26 14:45:48.543] [exthost1] [info] ExtensionService#_doActivateExtension vscode.css {"startup":false,"activationEvent":"onLanguage:css"}
[2017-12-26 14:45:48.543] [exthost1] [info] ExtensionService#loadCommonJSModule /usr/share/code/resources/app/extensions/css/client/out/cssMain
[2017-12-26 14:53:22.140] [exthost1] [info] ExtensionService#_doActivateExtension vscode.html {"startup":false,"activationEvent":"onLanguage:html"}
[2017-12-26 14:53:22.140] [exthost1] [info] ExtensionService#loadCommonJSModule /usr/share/code/resources/app/extensions/html/client/out/htmlMain
[2017-12-26 15:21:23.446] [exthost1] [info] ExtensionService#_doActivateExtension vscode.javascript {"startup":false,"activationEvent":"onLanguage:javascript"}
[2017-12-26 15:21:23.446] [exthost1] [info] ExtensionService#loadCommonJSModule /usr/share/code/resources/app/extensions/javascript/out/javascriptMain
[2017-12-26 15:21:23.974] [exthost1] [info] ExtensionService#_doActivateExtension vscode.typescript {"startup":false,"activationEvent":"onLanguage:javascript"}
[2017-12-26 15:21:23.974] [exthost1] [info] ExtensionService#loadCommonJSModule /usr/share/code/resources/app/extensions/typescript/out/extension
